----------

Fri Apr 17 2020 11:02:50 GMT-0700 (Pacific Daylight Time)

The system cannot find the path specified.


----------

Fri Apr 17 2020 11:02:50 GMT-0700 (Pacific Daylight Time)

'rm' is not recognized as an internal or external command,
operable program or batch file.


----------

Fri Apr 17 2020 11:02:50 GMT-0700 (Pacific Daylight Time)

fatal: not a git repository (or any of the parent directories): .git


----------

Fri Apr 17 2020 11:02:50 GMT-0700 (Pacific Daylight Time)

fatal: not a git repository (or any of the parent directories): .git


----------

Fri Apr 17 2020 11:02:50 GMT-0700 (Pacific Daylight Time)

fatal: not a git repository (or any of the parent directories): .git


----------

Fri Apr 17 2020 11:42:50 GMT-0700 (Pacific Daylight Time)

The system cannot find the path specified.


----------

Fri Apr 17 2020 11:42:50 GMT-0700 (Pacific Daylight Time)

'rm' is not recognized as an internal or external command,
operable program or batch file.


----------

Fri Apr 17 2020 11:42:50 GMT-0700 (Pacific Daylight Time)

fatal: not a git repository (or any of the parent directories): .git


----------

Fri Apr 17 2020 11:42:50 GMT-0700 (Pacific Daylight Time)

fatal: not a git repository (or any of the parent directories): .git


----------

Fri Apr 17 2020 11:42:51 GMT-0700 (Pacific Daylight Time)

fatal: not a git repository (or any of the parent directories): .git


----------

Fri Apr 17 2020 11:49:44 GMT-0700 (Pacific Daylight Time)

The system cannot find the path specified.


----------

Fri Apr 17 2020 11:49:44 GMT-0700 (Pacific Daylight Time)

'rm' is not recognized as an internal or external command,
operable program or batch file.


----------

Fri Apr 17 2020 11:49:44 GMT-0700 (Pacific Daylight Time)

fatal: not a git repository (or any of the parent directories): .git


----------

Fri Apr 17 2020 11:49:44 GMT-0700 (Pacific Daylight Time)

fatal: not a git repository (or any of the parent directories): .git


----------

Fri Apr 17 2020 11:49:44 GMT-0700 (Pacific Daylight Time)

fatal: not a git repository (or any of the parent directories): .git


